<?xml version="1.0" encoding="UTF-8"?>
<coverage generated="1763776907872" clover="3.2.0">
  <project timestamp="1763776907872" name="All files">
    <metrics statements="60" coveredstatements="52" conditionals="25" coveredconditionals="16" methods="17" coveredmethods="15" elements="102" coveredelements="83" complexity="0" loc="60" ncloc="60" packages="1" files="3" classes="3"/>
    <file name="FigureCalculator.js" path="C:\BACKEND DEV\DICODING\EXPERT DICODING\a276-backend-expert-labs-202-math-basic\math-api\src\FigureCalculator.js">
      <metrics statements="20" coveredstatements="12" conditionals="19" coveredconditionals="10" methods="5" coveredmethods="3"/>
      <line num="3" count="6" type="stmt"/>
      <line num="7" count="8" type="cond" truecount="2" falsecount="0"/>
      <line num="8" count="3" type="stmt"/>
      <line num="10" count="5" type="stmt"/>
      <line num="12" count="5" type="cond" truecount="4" falsecount="0"/>
      <line num="13" count="3" type="stmt"/>
      <line num="16" count="2" type="stmt"/>
      <line num="19" count="1" type="cond" truecount="1" falsecount="1"/>
      <line num="20" count="0" type="stmt"/>
      <line num="22" count="1" type="stmt"/>
      <line num="24" count="1" type="cond" truecount="3" falsecount="1"/>
      <line num="25" count="0" type="stmt"/>
      <line num="27" count="1" type="stmt"/>
      <line num="30" count="0" type="cond" truecount="0" falsecount="2"/>
      <line num="31" count="0" type="stmt"/>
      <line num="33" count="0" type="stmt"/>
      <line num="35" count="0" type="cond" truecount="0" falsecount="2"/>
      <line num="40" count="0" type="stmt"/>
      <line num="42" count="0" type="stmt"/>
      <line num="47" count="2" type="stmt"/>
    </file>
    <file name="MathBasic.js" path="C:\BACKEND DEV\DICODING\EXPERT DICODING\a276-backend-expert-labs-202-math-basic\math-api\src\MathBasic.js">
      <metrics statements="16" coveredstatements="16" conditionals="6" coveredconditionals="6" methods="5" coveredmethods="5"/>
      <line num="1" count="3" type="stmt"/>
      <line num="3" count="41" type="cond" truecount="2" falsecount="0"/>
      <line num="4" count="13" type="stmt"/>
      <line num="7" count="28" type="stmt"/>
      <line num="9" count="28" type="cond" truecount="4" falsecount="0"/>
      <line num="10" count="12" type="stmt"/>
      <line num="12" count="16" type="stmt"/>
      <line num="15" count="11" type="stmt"/>
      <line num="16" count="4" type="stmt"/>
      <line num="19" count="10" type="stmt"/>
      <line num="20" count="4" type="stmt"/>
      <line num="23" count="10" type="stmt"/>
      <line num="24" count="4" type="stmt"/>
      <line num="27" count="10" type="stmt"/>
      <line num="28" count="4" type="stmt"/>
      <line num="32" count="3" type="stmt"/>
    </file>
    <file name="createServer.js" path="C:\BACKEND DEV\DICODING\EXPERT DICODING\a276-backend-expert-labs-202-math-basic\math-api\src\createServer.js">
      <metrics statements="24" coveredstatements="24" conditionals="0" coveredconditionals="0" methods="7" coveredmethods="7"/>
      <line num="1" count="1" type="stmt"/>
      <line num="3" count="1" type="stmt"/>
      <line num="4" count="6" type="stmt"/>
      <line num="9" count="6" type="stmt"/>
      <line num="14" count="1" type="stmt"/>
      <line num="15" count="1" type="stmt"/>
      <line num="16" count="1" type="stmt"/>
      <line num="23" count="1" type="stmt"/>
      <line num="24" count="1" type="stmt"/>
      <line num="25" count="1" type="stmt"/>
      <line num="32" count="1" type="stmt"/>
      <line num="33" count="1" type="stmt"/>
      <line num="34" count="1" type="stmt"/>
      <line num="41" count="1" type="stmt"/>
      <line num="42" count="1" type="stmt"/>
      <line num="43" count="1" type="stmt"/>
      <line num="50" count="1" type="stmt"/>
      <line num="51" count="1" type="stmt"/>
      <line num="55" count="1" type="stmt"/>
      <line num="62" count="1" type="stmt"/>
      <line num="63" count="1" type="stmt"/>
      <line num="67" count="1" type="stmt"/>
      <line num="72" count="6" type="stmt"/>
      <line num="75" count="1" type="stmt"/>
    </file>
  </project>
</coverage>
