TN:
SF:src\FigureCalculator.js
FN:2,(anonymous_0)
FN:6,(anonymous_1)
FN:18,(anonymous_2)
FN:29,(anonymous_3)
FN:44,(anonymous_4)
FNF:5
FNH:3
FNDA:6,(anonymous_0)
FNDA:8,(anonymous_1)
FNDA:1,(anonymous_2)
FNDA:0,(anonymous_3)
FNDA:0,(anonymous_4)
DA:3,6
DA:7,8
DA:8,3
DA:10,5
DA:12,5
DA:13,3
DA:16,2
DA:19,1
DA:20,0
DA:22,1
DA:24,1
DA:25,0
DA:27,1
DA:30,0
DA:31,0
DA:33,0
DA:35,0
DA:40,0
DA:42,0
DA:47,2
LF:20
LH:12
BRDA:7,0,0,3
BRDA:7,0,1,5
BRDA:12,1,0,3
BRDA:12,1,1,2
BRDA:12,2,0,5
BRDA:12,2,1,2
BRDA:19,3,0,0
BRDA:19,3,1,1
BRDA:24,4,0,0
BRDA:24,4,1,1
BRDA:24,5,0,1
BRDA:24,5,1,1
BRDA:30,6,0,0
BRDA:30,6,1,0
BRDA:35,7,0,0
BRDA:35,7,1,0
BRDA:36,8,0,0
BRDA:36,8,1,0
BRDA:36,8,2,0
BRF:19
BRH:10
end_of_record
TN:
SF:src\MathBasic.js
FN:2,(anonymous_0)
FN:14,(anonymous_1)
FN:18,(anonymous_2)
FN:22,(anonymous_3)
FN:26,(anonymous_4)
FNF:5
FNH:5
FNDA:41,(anonymous_0)
FNDA:11,(anonymous_1)
FNDA:10,(anonymous_2)
FNDA:10,(anonymous_3)
FNDA:10,(anonymous_4)
DA:1,3
DA:3,41
DA:4,13
DA:7,28
DA:9,28
DA:10,12
DA:12,16
DA:15,11
DA:16,4
DA:19,10
DA:20,4
DA:23,10
DA:24,4
DA:27,10
DA:28,4
DA:32,3
LF:16
LH:16
BRDA:3,0,0,13
BRDA:3,0,1,28
BRDA:9,1,0,12
BRDA:9,1,1,16
BRDA:9,2,0,28
BRDA:9,2,1,16
BRF:6
BRH:6
end_of_record
TN:
SF:src\createServer.js
FN:3,(anonymous_0)
FN:13,(anonymous_1)
FN:22,(anonymous_2)
FN:31,(anonymous_3)
FN:40,(anonymous_4)
FN:49,(anonymous_5)
FN:61,(anonymous_6)
FNF:7
FNH:7
FNDA:6,(anonymous_0)
FNDA:1,(anonymous_1)
FNDA:1,(anonymous_2)
FNDA:1,(anonymous_3)
FNDA:1,(anonymous_4)
FNDA:1,(anonymous_5)
FNDA:1,(anonymous_6)
DA:1,1
DA:3,1
DA:4,6
DA:9,6
DA:14,1
DA:15,1
DA:16,1
DA:23,1
DA:24,1
DA:25,1
DA:32,1
DA:33,1
DA:34,1
DA:41,1
DA:42,1
DA:43,1
DA:50,1
DA:51,1
DA:55,1
DA:62,1
DA:63,1
DA:67,1
DA:72,6
DA:75,1
LF:24
LH:24
BRF:0
BRH:0
end_of_record
